Watching for file changes with StatReloader
Performing system checks...

System check identified some issues:

WARNINGS:
todos.Todo: (models.W042) Auto-created primary key used when not defining a primary key type, by default 'django.db.models.AutoField'.
	HINT: Configure the DEFAULT_AUTO_FIELD setting or the TodosConfig.default_auto_field attribute to point to a subclass of AutoField, e.g. 'django.db.models.BigAutoField'.

System check identified 1 issue (0 silenced).
October 28, 2022 - 20:33:59
Django version 4.1.2, using settings 'todoApp.settings'
Starting development server at http://192.168.49.1:8000/
Quit the server with CONTROL-C.
Watching for file changes with StatReloader
Performing system checks...

System check identified some issues:

WARNINGS:
todos.Todo: (models.W042) Auto-created primary key used when not defining a primary key type, by default 'django.db.models.AutoField'.
	HINT: Configure the DEFAULT_AUTO_FIELD setting or the TodosConfig.default_auto_field attribute to point to a subclass of AutoField, e.g. 'django.db.models.BigAutoField'.

System check identified 1 issue (0 silenced).
October 28, 2022 - 20:35:20
Django version 4.1.2, using settings 'todoApp.settings'
Starting development server at http://192.168.49.1:8000/
Quit the server with CONTROL-C.
[28/Oct/2022 20:36:02] "GET / HTTP/1.1" 302 0
[28/Oct/2022 20:36:02] "GET /todos HTTP/1.1" 301 0
[28/Oct/2022 20:36:02] "GET /todos/ HTTP/1.1" 200 3515
[28/Oct/2022 20:36:02] "GET /static/css/style.css HTTP/1.1" 200 225
Not Found: /favicon.ico
[28/Oct/2022 20:36:03] "GET /favicon.ico HTTP/1.1" 404 2573
Watching for file changes with StatReloader
Performing system checks...

System check identified some issues:

WARNINGS:
todos.Todo: (models.W042) Auto-created primary key used when not defining a primary key type, by default 'django.db.models.AutoField'.
	HINT: Configure the DEFAULT_AUTO_FIELD setting or the TodosConfig.default_auto_field attribute to point to a subclass of AutoField, e.g. 'django.db.models.BigAutoField'.

System check identified 1 issue (0 silenced).
October 28, 2022 - 20:37:27
Django version 4.1.2, using settings 'todoApp.settings'
Starting development server at http://192.168.49.1:8001/
Quit the server with CONTROL-C.
Watching for file changes with StatReloader
Performing system checks...

System check identified some issues:

WARNINGS:
todos.Todo: (models.W042) Auto-created primary key used when not defining a primary key type, by default 'django.db.models.AutoField'.
	HINT: Configure the DEFAULT_AUTO_FIELD setting or the TodosConfig.default_auto_field attribute to point to a subclass of AutoField, e.g. 'django.db.models.BigAutoField'.

System check identified 1 issue (0 silenced).
October 28, 2022 - 20:38:40
Django version 4.1.2, using settings 'todoApp.settings'
Starting development server at http://192.168.49.1:8001/
Quit the server with CONTROL-C.
Error: That port is already in use.
[28/Oct/2022 20:38:52] "GET / HTTP/1.1" 302 0
[28/Oct/2022 20:38:52] "GET /todos HTTP/1.1" 301 0
[28/Oct/2022 20:38:52] "GET /todos/ HTTP/1.1" 200 3515
[28/Oct/2022 20:38:52] "GET /static/css/style.css HTTP/1.1" 200 225
Not Found: /favicon.ico
[28/Oct/2022 20:38:53] "GET /favicon.ico HTTP/1.1" 404 2573
[28/Oct/2022 20:39:05] "GET /todos/ HTTP/1.1" 200 3515
[28/Oct/2022 20:39:06] "GET /todos/ HTTP/1.1" 200 3515
[28/Oct/2022 20:39:37] "GET /todos/ HTTP/1.1" 200 3515
